<?xml version="1.0" encoding="UTF-8"?>
<!-- Generated by org.testng.reporters.JUnitXMLReporter -->
<testsuite ignored="12" hostname="LTIN270382" failures="0" tests="17" name="Test" time="96.16" errors="0" timestamp="2024-02-26T15:17:46 IST">
  <testcase classname="testCases.TC_01_itemToBeSearched" name="openBrowser" time="12.841"/>
  <testcase classname="testCases.TC_01_itemToBeSearched" name="getItemName" time="4.073"/>
  <testcase classname="testCases.TC_01_itemToBeSearched" name="closePopUp" time="2.343"/>
  <testcase classname="testCases.TC_02_conditions" name="select_the_price_range_below_fifteen_thousand" time="4.2"/>
  <testcase classname="testCases.TC_02_conditions" name="chooses_the_category_kid_bookshelves" time="3.293"/>
  <testcase classname="testCases.TC_02_conditions" name="sorts_by_price_high_to_low" time="3.481"/>
  <testcase classname="testCases.TC_03_getItems" name="fetch_the_top_three_items_print_all_details_in_console_output" time="3.167"/>
  <testcase classname="testCases.TC_04_living" name="user_clicks_on_the_living_menu" time="0.15"/>
  <testcase classname="testCases.TC_04_living" name="retrieve_all_items_under_living_storage_sub_menu_and_print_the_same_on_the_console" time="3.302"/>
  <testcase classname="testCases.TC_05_giftCard" name="user_clicks_on_gift_cards" time="6.905"/>
  <testcase classname="testCases.TC_05_giftCard" name="chooses_birthday_or_anniversary" time="5.163"/>
  <testcase classname="testCases.TC_05_giftCard" name="enters_the_valid_amount_month_and_date" time="3.743"/>
  <testcase classname="testCases.TC_05_giftCard" name="clicks_on_the_next_button" time="3.15"/>
  <testcase classname="testCases.TC_05_giftCard" name="fills_to_from_details" time="5.042"/>
  <testcase classname="testCases.TC_06_validation" name="validate_the_email_id" time="5.048"/>
  <testcase classname="testCases.TC_06_validation" name="the_id_is_not_valid_and_user_gives_correct_email_id" time="8.526"/>
  <testcase classname="testCases.TC_07_confirmDetails" name="confirm_the_details_in_confirm_details_section" time="3.631"/>
  <testcase classname="testBase.TestBase" name="@BeforeTest driverSetup" time="0.0">
    <ignored/>
  </testcase> <!-- @BeforeTest driverSetup -->
  <testcase classname="testBase.TestBase" name="@AfterTest closeBrowser" time="0.0">
    <ignored/>
  </testcase> <!-- @AfterTest closeBrowser -->
  <testcase classname="testBase.TestBase" name="@BeforeTest driverSetup" time="0.0">
    <ignored/>
  </testcase> <!-- @BeforeTest driverSetup -->
  <testcase classname="testBase.TestBase" name="@AfterTest closeBrowser" time="0.0">
    <ignored/>
  </testcase> <!-- @AfterTest closeBrowser -->
  <testcase classname="testBase.TestBase" name="@BeforeTest driverSetup" time="0.0">
    <ignored/>
  </testcase> <!-- @BeforeTest driverSetup -->
  <testcase classname="testBase.TestBase" name="@BeforeTest driverSetup" time="0.0">
    <ignored/>
  </testcase> <!-- @BeforeTest driverSetup -->
  <testcase classname="testBase.TestBase" name="@AfterTest closeBrowser" time="0.0">
    <ignored/>
  </testcase> <!-- @AfterTest closeBrowser -->
  <testcase classname="testBase.TestBase" name="@BeforeTest driverSetup" time="0.0">
    <ignored/>
  </testcase> <!-- @BeforeTest driverSetup -->
  <testcase classname="testBase.TestBase" name="@BeforeTest driverSetup" time="0.0">
    <ignored/>
  </testcase> <!-- @BeforeTest driverSetup -->
  <testcase classname="testBase.TestBase" name="@AfterTest closeBrowser" time="0.0">
    <ignored/>
  </testcase> <!-- @AfterTest closeBrowser -->
  <testcase classname="testBase.TestBase" name="@AfterTest closeBrowser" time="0.0">
    <ignored/>
  </testcase> <!-- @AfterTest closeBrowser -->
  <testcase classname="testBase.TestBase" name="@AfterTest closeBrowser" time="0.0">
    <ignored/>
  </testcase> <!-- @AfterTest closeBrowser -->
</testsuite> <!-- Test -->
